
Callback Power Data: 
========================
Package: 0
Accumulated Idle Energy: 0.00275616mJ
Accumulated Access Energy: 0.689556mJ
Accumulated Erase Energy: 0mJ
Accumulated VPP Idle Energy: 5.51232e-05mJ
Accumulated VPP Access Energy: 0.00184747mJ
Accumulated VPP Erase Energy: 0mJ
Total Energy: 0.694215mJ

Average Idle Power: 0.033mW
Average Access Power: 8.25618mW
Average Erase Power: 0mW
Average VPP Idle Power: 0.00066mW
Average VPP Access Power: 0.0221201mW
Average VPP Erase Power: 0mW
Average Power: 8.31196mW

Reads completed: 201
Writes completed: 100
Erases completed: 0
Device Type: PCM
